CRITICAL - 2023-11-24 01:11:33 --> Cannot use object of type stdClass as array
in APPPATH\Views\pageskaryawan\edit.php on line 24.
 1 SYSTEMPATH\View\View.php(226): include()
 2 SYSTEMPATH\View\View.php(229): CodeIgniter\View\View->CodeIgniter\View\{closure}()
 3 SYSTEMPATH\Common.php(1188): CodeIgniter\View\View->render('pageskaryawan/edit', [], true)
 4 APPPATH\Controllers\PagesKaryawan.php(121): view('pageskaryawan/edit', [...])
 5 SYSTEMPATH\CodeIgniter.php(919): App\Controllers\PagesKaryawan->edit('1')
 6 SYSTEMPATH\CodeIgniter.php(494): CodeIgniter\CodeIgniter->runController(Object(App\Controllers\PagesKaryawan))
 7 SYSTEMPATH\CodeIgniter.php(353): CodeIgniter\CodeIgniter->handleRequest(null, Object(Config\Cache), false)
 8 FCPATH\index.php(79): CodeIgniter\CodeIgniter->run()
 9 SYSTEMPATH\Commands\Server\rewrite.php(47): require_once('C:\\xampp\\htdocs\\tesproyekif2\\public\\index.php')
CRITICAL - 2023-11-24 01:12:32 --> Cannot use object of type stdClass as array
in APPPATH\Views\pageskaryawan\edit.php on line 24.
 1 SYSTEMPATH\View\View.php(226): include()
 2 SYSTEMPATH\View\View.php(229): CodeIgniter\View\View->CodeIgniter\View\{closure}()
 3 SYSTEMPATH\Common.php(1188): CodeIgniter\View\View->render('pageskaryawan/edit', [], true)
 4 APPPATH\Controllers\PagesKaryawan.php(121): view('pageskaryawan/edit', [...])
 5 SYSTEMPATH\CodeIgniter.php(919): App\Controllers\PagesKaryawan->edit('11')
 6 SYSTEMPATH\CodeIgniter.php(494): CodeIgniter\CodeIgniter->runController(Object(App\Controllers\PagesKaryawan))
 7 SYSTEMPATH\CodeIgniter.php(353): CodeIgniter\CodeIgniter->handleRequest(null, Object(Config\Cache), false)
 8 FCPATH\index.php(79): CodeIgniter\CodeIgniter->run()
 9 SYSTEMPATH\Commands\Server\rewrite.php(47): require_once('C:\\xampp\\htdocs\\tesproyekif2\\public\\index.php')
CRITICAL - 2023-11-24 02:27:24 --> Undefined variable $title
in APPPATH\Views\layout\templatekaryawan.php on line 14.
 1 APPPATH\Views\layout\templatekaryawan.php(14): CodeIgniter\Debug\Exceptions->errorHandler(2, 'Undefined variable $title', 'C:\\xampp\\htdocs\\tesproyekif2\\app\\Views\\layout\\templatekaryawan.php', 14)
 2 SYSTEMPATH\View\View.php(226): include('C:\\xampp\\htdocs\\tesproyekif2\\app\\Views\\layout\\templatekaryawan.php')
 3 SYSTEMPATH\View\View.php(229): CodeIgniter\View\View->CodeIgniter\View\{closure}()
 4 SYSTEMPATH\View\View.php(242): CodeIgniter\View\View->render('layout/templatekaryawan', [], true)
 5 SYSTEMPATH\Common.php(1188): CodeIgniter\View\View->render('pageskaryawan/laporan', [], true)
 6 APPPATH\Controllers\Laporan.php(22): view('pageskaryawan/laporan', [...])
 7 SYSTEMPATH\CodeIgniter.php(919): App\Controllers\Laporan->keuangan()
 8 SYSTEMPATH\CodeIgniter.php(494): CodeIgniter\CodeIgniter->runController(Object(App\Controllers\Laporan))
 9 SYSTEMPATH\CodeIgniter.php(353): CodeIgniter\CodeIgniter->handleRequest(null, Object(Config\Cache), false)
10 FCPATH\index.php(79): CodeIgniter\CodeIgniter->run()
11 SYSTEMPATH\Commands\Server\rewrite.php(47): require_once('C:\\xampp\\htdocs\\tesproyekif2\\public\\index.php')
CRITICAL - 2023-11-24 02:27:28 --> Undefined variable $title
in APPPATH\Views\layout\templatekaryawan.php on line 14.
 1 APPPATH\Views\layout\templatekaryawan.php(14): CodeIgniter\Debug\Exceptions->errorHandler(2, 'Undefined variable $title', 'C:\\xampp\\htdocs\\tesproyekif2\\app\\Views\\layout\\templatekaryawan.php', 14)
 2 SYSTEMPATH\View\View.php(226): include('C:\\xampp\\htdocs\\tesproyekif2\\app\\Views\\layout\\templatekaryawan.php')
 3 SYSTEMPATH\View\View.php(229): CodeIgniter\View\View->CodeIgniter\View\{closure}()
 4 SYSTEMPATH\View\View.php(242): CodeIgniter\View\View->render('layout/templatekaryawan', [], true)
 5 SYSTEMPATH\Common.php(1188): CodeIgniter\View\View->render('pageskaryawan/laporan', [], true)
 6 APPPATH\Controllers\Laporan.php(22): view('pageskaryawan/laporan', [...])
 7 SYSTEMPATH\CodeIgniter.php(919): App\Controllers\Laporan->keuangan()
 8 SYSTEMPATH\CodeIgniter.php(494): CodeIgniter\CodeIgniter->runController(Object(App\Controllers\Laporan))
 9 SYSTEMPATH\CodeIgniter.php(353): CodeIgniter\CodeIgniter->handleRequest(null, Object(Config\Cache), false)
10 FCPATH\index.php(79): CodeIgniter\CodeIgniter->run()
11 SYSTEMPATH\Commands\Server\rewrite.php(47): require_once('C:\\xampp\\htdocs\\tesproyekif2\\public\\index.php')
CRITICAL - 2023-11-24 02:29:01 --> Undefined variable $title
in APPPATH\Views\layout\templatekaryawan.php on line 14.
 1 APPPATH\Views\layout\templatekaryawan.php(14): CodeIgniter\Debug\Exceptions->errorHandler(2, 'Undefined variable $title', 'C:\\xampp\\htdocs\\tesproyekif2\\app\\Views\\layout\\templatekaryawan.php', 14)
 2 SYSTEMPATH\View\View.php(226): include('C:\\xampp\\htdocs\\tesproyekif2\\app\\Views\\layout\\templatekaryawan.php')
 3 SYSTEMPATH\View\View.php(229): CodeIgniter\View\View->CodeIgniter\View\{closure}()
 4 SYSTEMPATH\View\View.php(242): CodeIgniter\View\View->render('layout/templatekaryawan', [], true)
 5 SYSTEMPATH\Common.php(1188): CodeIgniter\View\View->render('pageskaryawan/laporan', [], true)
 6 APPPATH\Controllers\Laporan.php(22): view('pageskaryawan/laporan', [...])
 7 SYSTEMPATH\CodeIgniter.php(919): App\Controllers\Laporan->keuangan()
 8 SYSTEMPATH\CodeIgniter.php(494): CodeIgniter\CodeIgniter->runController(Object(App\Controllers\Laporan))
 9 SYSTEMPATH\CodeIgniter.php(353): CodeIgniter\CodeIgniter->handleRequest(null, Object(Config\Cache), false)
10 FCPATH\index.php(79): CodeIgniter\CodeIgniter->run()
11 SYSTEMPATH\Commands\Server\rewrite.php(47): require_once('C:\\xampp\\htdocs\\tesproyekif2\\public\\index.php')
CRITICAL - 2023-11-24 02:29:02 --> Undefined variable $title
in APPPATH\Views\layout\templatekaryawan.php on line 14.
 1 APPPATH\Views\layout\templatekaryawan.php(14): CodeIgniter\Debug\Exceptions->errorHandler(2, 'Undefined variable $title', 'C:\\xampp\\htdocs\\tesproyekif2\\app\\Views\\layout\\templatekaryawan.php', 14)
 2 SYSTEMPATH\View\View.php(226): include('C:\\xampp\\htdocs\\tesproyekif2\\app\\Views\\layout\\templatekaryawan.php')
 3 SYSTEMPATH\View\View.php(229): CodeIgniter\View\View->CodeIgniter\View\{closure}()
 4 SYSTEMPATH\View\View.php(242): CodeIgniter\View\View->render('layout/templatekaryawan', [], true)
 5 SYSTEMPATH\Common.php(1188): CodeIgniter\View\View->render('pageskaryawan/laporan', [], true)
 6 APPPATH\Controllers\Laporan.php(22): view('pageskaryawan/laporan', [...])
 7 SYSTEMPATH\CodeIgniter.php(919): App\Controllers\Laporan->keuangan()
 8 SYSTEMPATH\CodeIgniter.php(494): CodeIgniter\CodeIgniter->runController(Object(App\Controllers\Laporan))
 9 SYSTEMPATH\CodeIgniter.php(353): CodeIgniter\CodeIgniter->handleRequest(null, Object(Config\Cache), false)
10 FCPATH\index.php(79): CodeIgniter\CodeIgniter->run()
11 SYSTEMPATH\Commands\Server\rewrite.php(47): require_once('C:\\xampp\\htdocs\\tesproyekif2\\public\\index.php')
CRITICAL - 2023-11-24 02:29:56 --> Undefined variable $title
in APPPATH\Views\layout\templatekaryawan.php on line 14.
 1 APPPATH\Views\layout\templatekaryawan.php(14): CodeIgniter\Debug\Exceptions->errorHandler(2, 'Undefined variable $title', 'C:\\xampp\\htdocs\\tesproyekif2\\app\\Views\\layout\\templatekaryawan.php', 14)
 2 SYSTEMPATH\View\View.php(226): include('C:\\xampp\\htdocs\\tesproyekif2\\app\\Views\\layout\\templatekaryawan.php')
 3 SYSTEMPATH\View\View.php(229): CodeIgniter\View\View->CodeIgniter\View\{closure}()
 4 SYSTEMPATH\View\View.php(242): CodeIgniter\View\View->render('layout/templatekaryawan', [], true)
 5 SYSTEMPATH\Common.php(1188): CodeIgniter\View\View->render('pageskaryawan/laporan', [], true)
 6 APPPATH\Controllers\Laporan.php(22): view('pageskaryawan/laporan', [...])
 7 SYSTEMPATH\CodeIgniter.php(919): App\Controllers\Laporan->keuangan()
 8 SYSTEMPATH\CodeIgniter.php(494): CodeIgniter\CodeIgniter->runController(Object(App\Controllers\Laporan))
 9 SYSTEMPATH\CodeIgniter.php(353): CodeIgniter\CodeIgniter->handleRequest(null, Object(Config\Cache), false)
10 FCPATH\index.php(79): CodeIgniter\CodeIgniter->run()
11 SYSTEMPATH\Commands\Server\rewrite.php(47): require_once('C:\\xampp\\htdocs\\tesproyekif2\\public\\index.php')
CRITICAL - 2023-11-24 02:34:25 --> Undefined variable $title
in APPPATH\Views\layout\templatekaryawan.php on line 14.
 1 APPPATH\Views\layout\templatekaryawan.php(14): CodeIgniter\Debug\Exceptions->errorHandler(2, 'Undefined variable $title', 'C:\\xampp\\htdocs\\tesproyekif2\\app\\Views\\layout\\templatekaryawan.php', 14)
 2 SYSTEMPATH\View\View.php(226): include('C:\\xampp\\htdocs\\tesproyekif2\\app\\Views\\layout\\templatekaryawan.php')
 3 SYSTEMPATH\View\View.php(229): CodeIgniter\View\View->CodeIgniter\View\{closure}()
 4 SYSTEMPATH\View\View.php(242): CodeIgniter\View\View->render('layout/templatekaryawan', [], true)
 5 SYSTEMPATH\Common.php(1188): CodeIgniter\View\View->render('pageskaryawan/laporan', [], true)
 6 APPPATH\Controllers\PagesKaryawan.php(165): view('pageskaryawan/laporan', [...])
 7 SYSTEMPATH\CodeIgniter.php(919): App\Controllers\PagesKaryawan->keuangan()
 8 SYSTEMPATH\CodeIgniter.php(494): CodeIgniter\CodeIgniter->runController(Object(App\Controllers\PagesKaryawan))
 9 SYSTEMPATH\CodeIgniter.php(353): CodeIgniter\CodeIgniter->handleRequest(null, Object(Config\Cache), false)
10 FCPATH\index.php(79): CodeIgniter\CodeIgniter->run()
11 SYSTEMPATH\Commands\Server\rewrite.php(47): require_once('C:\\xampp\\htdocs\\tesproyekif2\\public\\index.php')
CRITICAL - 2023-11-24 02:34:31 --> Undefined variable $title
in APPPATH\Views\layout\templatekaryawan.php on line 14.
 1 APPPATH\Views\layout\templatekaryawan.php(14): CodeIgniter\Debug\Exceptions->errorHandler(2, 'Undefined variable $title', 'C:\\xampp\\htdocs\\tesproyekif2\\app\\Views\\layout\\templatekaryawan.php', 14)
 2 SYSTEMPATH\View\View.php(226): include('C:\\xampp\\htdocs\\tesproyekif2\\app\\Views\\layout\\templatekaryawan.php')
 3 SYSTEMPATH\View\View.php(229): CodeIgniter\View\View->CodeIgniter\View\{closure}()
 4 SYSTEMPATH\View\View.php(242): CodeIgniter\View\View->render('layout/templatekaryawan', [], true)
 5 SYSTEMPATH\Common.php(1188): CodeIgniter\View\View->render('pageskaryawan/laporan', [], true)
 6 APPPATH\Controllers\PagesKaryawan.php(165): view('pageskaryawan/laporan', [...])
 7 SYSTEMPATH\CodeIgniter.php(919): App\Controllers\PagesKaryawan->keuangan()
 8 SYSTEMPATH\CodeIgniter.php(494): CodeIgniter\CodeIgniter->runController(Object(App\Controllers\PagesKaryawan))
 9 SYSTEMPATH\CodeIgniter.php(353): CodeIgniter\CodeIgniter->handleRequest(null, Object(Config\Cache), false)
10 FCPATH\index.php(79): CodeIgniter\CodeIgniter->run()
11 SYSTEMPATH\Commands\Server\rewrite.php(47): require_once('C:\\xampp\\htdocs\\tesproyekif2\\public\\index.php')
CRITICAL - 2023-11-24 02:35:07 --> Undefined variable $title
in APPPATH\Views\layout\templatekaryawan.php on line 14.
 1 APPPATH\Views\layout\templatekaryawan.php(14): CodeIgniter\Debug\Exceptions->errorHandler(2, 'Undefined variable $title', 'C:\\xampp\\htdocs\\tesproyekif2\\app\\Views\\layout\\templatekaryawan.php', 14)
 2 SYSTEMPATH\View\View.php(226): include('C:\\xampp\\htdocs\\tesproyekif2\\app\\Views\\layout\\templatekaryawan.php')
 3 SYSTEMPATH\View\View.php(229): CodeIgniter\View\View->CodeIgniter\View\{closure}()
 4 SYSTEMPATH\View\View.php(242): CodeIgniter\View\View->render('layout/templatekaryawan', [], true)
 5 SYSTEMPATH\Common.php(1188): CodeIgniter\View\View->render('pageskaryawan/laporan', [], true)
 6 APPPATH\Controllers\PagesKaryawan.php(165): view('pageskaryawan/laporan', [...])
 7 SYSTEMPATH\CodeIgniter.php(919): App\Controllers\PagesKaryawan->keuangan()
 8 SYSTEMPATH\CodeIgniter.php(494): CodeIgniter\CodeIgniter->runController(Object(App\Controllers\PagesKaryawan))
 9 SYSTEMPATH\CodeIgniter.php(353): CodeIgniter\CodeIgniter->handleRequest(null, Object(Config\Cache), false)
10 FCPATH\index.php(79): CodeIgniter\CodeIgniter->run()
11 SYSTEMPATH\Commands\Server\rewrite.php(47): require_once('C:\\xampp\\htdocs\\tesproyekif2\\public\\index.php')
CRITICAL - 2023-11-24 02:41:51 --> Undefined variable $title
in APPPATH\Views\layout\templatekaryawan.php on line 14.
 1 APPPATH\Views\layout\templatekaryawan.php(14): CodeIgniter\Debug\Exceptions->errorHandler(2, 'Undefined variable $title', 'C:\\xampp\\htdocs\\tesproyekif2\\app\\Views\\layout\\templatekaryawan.php', 14)
 2 SYSTEMPATH\View\View.php(226): include('C:\\xampp\\htdocs\\tesproyekif2\\app\\Views\\layout\\templatekaryawan.php')
 3 SYSTEMPATH\View\View.php(229): CodeIgniter\View\View->CodeIgniter\View\{closure}()
 4 SYSTEMPATH\View\View.php(242): CodeIgniter\View\View->render('layout/templatekaryawan', [], true)
 5 SYSTEMPATH\Common.php(1188): CodeIgniter\View\View->render('pageskaryawan/laporan', [], true)
 6 APPPATH\Controllers\PagesKaryawan.php(165): view('pageskaryawan/laporan', [...])
 7 SYSTEMPATH\CodeIgniter.php(919): App\Controllers\PagesKaryawan->keuangan()
 8 SYSTEMPATH\CodeIgniter.php(494): CodeIgniter\CodeIgniter->runController(Object(App\Controllers\PagesKaryawan))
 9 SYSTEMPATH\CodeIgniter.php(353): CodeIgniter\CodeIgniter->handleRequest(null, Object(Config\Cache), false)
10 FCPATH\index.php(79): CodeIgniter\CodeIgniter->run()
11 SYSTEMPATH\Commands\Server\rewrite.php(47): require_once('C:\\xampp\\htdocs\\tesproyekif2\\public\\index.php')
CRITICAL - 2023-11-24 02:46:17 --> Undefined variable $title
in APPPATH\Views\layout\templatekaryawan.php on line 14.
 1 APPPATH\Views\layout\templatekaryawan.php(14): CodeIgniter\Debug\Exceptions->errorHandler(2, 'Undefined variable $title', 'C:\\xampp\\htdocs\\tesproyekif2\\app\\Views\\layout\\templatekaryawan.php', 14)
 2 SYSTEMPATH\View\View.php(226): include('C:\\xampp\\htdocs\\tesproyekif2\\app\\Views\\layout\\templatekaryawan.php')
 3 SYSTEMPATH\View\View.php(229): CodeIgniter\View\View->CodeIgniter\View\{closure}()
 4 SYSTEMPATH\View\View.php(242): CodeIgniter\View\View->render('layout/templatekaryawan', [], true)
 5 SYSTEMPATH\Common.php(1188): CodeIgniter\View\View->render('pageskaryawan/laporan', [], true)
 6 APPPATH\Controllers\PagesKaryawan.php(165): view('pageskaryawan/laporan', [...])
 7 SYSTEMPATH\CodeIgniter.php(919): App\Controllers\PagesKaryawan->keuangan()
 8 SYSTEMPATH\CodeIgniter.php(494): CodeIgniter\CodeIgniter->runController(Object(App\Controllers\PagesKaryawan))
 9 SYSTEMPATH\CodeIgniter.php(353): CodeIgniter\CodeIgniter->handleRequest(null, Object(Config\Cache), false)
10 FCPATH\index.php(79): CodeIgniter\CodeIgniter->run()
11 SYSTEMPATH\Commands\Server\rewrite.php(47): require_once('C:\\xampp\\htdocs\\tesproyekif2\\public\\index.php')
CRITICAL - 2023-11-24 02:46:18 --> Undefined variable $title
in APPPATH\Views\layout\templatekaryawan.php on line 14.
 1 APPPATH\Views\layout\templatekaryawan.php(14): CodeIgniter\Debug\Exceptions->errorHandler(2, 'Undefined variable $title', 'C:\\xampp\\htdocs\\tesproyekif2\\app\\Views\\layout\\templatekaryawan.php', 14)
 2 SYSTEMPATH\View\View.php(226): include('C:\\xampp\\htdocs\\tesproyekif2\\app\\Views\\layout\\templatekaryawan.php')
 3 SYSTEMPATH\View\View.php(229): CodeIgniter\View\View->CodeIgniter\View\{closure}()
 4 SYSTEMPATH\View\View.php(242): CodeIgniter\View\View->render('layout/templatekaryawan', [], true)
 5 SYSTEMPATH\Common.php(1188): CodeIgniter\View\View->render('pageskaryawan/laporan', [], true)
 6 APPPATH\Controllers\PagesKaryawan.php(165): view('pageskaryawan/laporan', [...])
 7 SYSTEMPATH\CodeIgniter.php(919): App\Controllers\PagesKaryawan->keuangan()
 8 SYSTEMPATH\CodeIgniter.php(494): CodeIgniter\CodeIgniter->runController(Object(App\Controllers\PagesKaryawan))
 9 SYSTEMPATH\CodeIgniter.php(353): CodeIgniter\CodeIgniter->handleRequest(null, Object(Config\Cache), false)
10 FCPATH\index.php(79): CodeIgniter\CodeIgniter->run()
11 SYSTEMPATH\Commands\Server\rewrite.php(47): require_once('C:\\xampp\\htdocs\\tesproyekif2\\public\\index.php')
CRITICAL - 2023-11-24 02:46:19 --> Undefined variable $title
in APPPATH\Views\layout\templatekaryawan.php on line 14.
 1 APPPATH\Views\layout\templatekaryawan.php(14): CodeIgniter\Debug\Exceptions->errorHandler(2, 'Undefined variable $title', 'C:\\xampp\\htdocs\\tesproyekif2\\app\\Views\\layout\\templatekaryawan.php', 14)
 2 SYSTEMPATH\View\View.php(226): include('C:\\xampp\\htdocs\\tesproyekif2\\app\\Views\\layout\\templatekaryawan.php')
 3 SYSTEMPATH\View\View.php(229): CodeIgniter\View\View->CodeIgniter\View\{closure}()
 4 SYSTEMPATH\View\View.php(242): CodeIgniter\View\View->render('layout/templatekaryawan', [], true)
 5 SYSTEMPATH\Common.php(1188): CodeIgniter\View\View->render('pageskaryawan/laporan', [], true)
 6 APPPATH\Controllers\PagesKaryawan.php(165): view('pageskaryawan/laporan', [...])
 7 SYSTEMPATH\CodeIgniter.php(919): App\Controllers\PagesKaryawan->keuangan()
 8 SYSTEMPATH\CodeIgniter.php(494): CodeIgniter\CodeIgniter->runController(Object(App\Controllers\PagesKaryawan))
 9 SYSTEMPATH\CodeIgniter.php(353): CodeIgniter\CodeIgniter->handleRequest(null, Object(Config\Cache), false)
10 FCPATH\index.php(79): CodeIgniter\CodeIgniter->run()
11 SYSTEMPATH\Commands\Server\rewrite.php(47): require_once('C:\\xampp\\htdocs\\tesproyekif2\\public\\index.php')
CRITICAL - 2023-11-24 02:46:19 --> Undefined variable $title
in APPPATH\Views\layout\templatekaryawan.php on line 14.
 1 APPPATH\Views\layout\templatekaryawan.php(14): CodeIgniter\Debug\Exceptions->errorHandler(2, 'Undefined variable $title', 'C:\\xampp\\htdocs\\tesproyekif2\\app\\Views\\layout\\templatekaryawan.php', 14)
 2 SYSTEMPATH\View\View.php(226): include('C:\\xampp\\htdocs\\tesproyekif2\\app\\Views\\layout\\templatekaryawan.php')
 3 SYSTEMPATH\View\View.php(229): CodeIgniter\View\View->CodeIgniter\View\{closure}()
 4 SYSTEMPATH\View\View.php(242): CodeIgniter\View\View->render('layout/templatekaryawan', [], true)
 5 SYSTEMPATH\Common.php(1188): CodeIgniter\View\View->render('pageskaryawan/laporan', [], true)
 6 APPPATH\Controllers\PagesKaryawan.php(165): view('pageskaryawan/laporan', [...])
 7 SYSTEMPATH\CodeIgniter.php(919): App\Controllers\PagesKaryawan->keuangan()
 8 SYSTEMPATH\CodeIgniter.php(494): CodeIgniter\CodeIgniter->runController(Object(App\Controllers\PagesKaryawan))
 9 SYSTEMPATH\CodeIgniter.php(353): CodeIgniter\CodeIgniter->handleRequest(null, Object(Config\Cache), false)
10 FCPATH\index.php(79): CodeIgniter\CodeIgniter->run()
11 SYSTEMPATH\Commands\Server\rewrite.php(47): require_once('C:\\xampp\\htdocs\\tesproyekif2\\public\\index.php')
CRITICAL - 2023-11-24 02:46:19 --> Undefined variable $title
in APPPATH\Views\layout\templatekaryawan.php on line 14.
 1 APPPATH\Views\layout\templatekaryawan.php(14): CodeIgniter\Debug\Exceptions->errorHandler(2, 'Undefined variable $title', 'C:\\xampp\\htdocs\\tesproyekif2\\app\\Views\\layout\\templatekaryawan.php', 14)
 2 SYSTEMPATH\View\View.php(226): include('C:\\xampp\\htdocs\\tesproyekif2\\app\\Views\\layout\\templatekaryawan.php')
 3 SYSTEMPATH\View\View.php(229): CodeIgniter\View\View->CodeIgniter\View\{closure}()
 4 SYSTEMPATH\View\View.php(242): CodeIgniter\View\View->render('layout/templatekaryawan', [], true)
 5 SYSTEMPATH\Common.php(1188): CodeIgniter\View\View->render('pageskaryawan/laporan', [], true)
 6 APPPATH\Controllers\PagesKaryawan.php(165): view('pageskaryawan/laporan', [...])
 7 SYSTEMPATH\CodeIgniter.php(919): App\Controllers\PagesKaryawan->keuangan()
 8 SYSTEMPATH\CodeIgniter.php(494): CodeIgniter\CodeIgniter->runController(Object(App\Controllers\PagesKaryawan))
 9 SYSTEMPATH\CodeIgniter.php(353): CodeIgniter\CodeIgniter->handleRequest(null, Object(Config\Cache), false)
10 FCPATH\index.php(79): CodeIgniter\CodeIgniter->run()
11 SYSTEMPATH\Commands\Server\rewrite.php(47): require_once('C:\\xampp\\htdocs\\tesproyekif2\\public\\index.php')
CRITICAL - 2023-11-24 02:46:24 --> Undefined variable $title
in APPPATH\Views\layout\templatekaryawan.php on line 14.
 1 APPPATH\Views\layout\templatekaryawan.php(14): CodeIgniter\Debug\Exceptions->errorHandler(2, 'Undefined variable $title', 'C:\\xampp\\htdocs\\tesproyekif2\\app\\Views\\layout\\templatekaryawan.php', 14)
 2 SYSTEMPATH\View\View.php(226): include('C:\\xampp\\htdocs\\tesproyekif2\\app\\Views\\layout\\templatekaryawan.php')
 3 SYSTEMPATH\View\View.php(229): CodeIgniter\View\View->CodeIgniter\View\{closure}()
 4 SYSTEMPATH\View\View.php(242): CodeIgniter\View\View->render('layout/templatekaryawan', [], true)
 5 SYSTEMPATH\Common.php(1188): CodeIgniter\View\View->render('pageskaryawan/laporan', [], true)
 6 APPPATH\Controllers\PagesKaryawan.php(165): view('pageskaryawan/laporan', [...])
 7 SYSTEMPATH\CodeIgniter.php(919): App\Controllers\PagesKaryawan->keuangan()
 8 SYSTEMPATH\CodeIgniter.php(494): CodeIgniter\CodeIgniter->runController(Object(App\Controllers\PagesKaryawan))
 9 SYSTEMPATH\CodeIgniter.php(353): CodeIgniter\CodeIgniter->handleRequest(null, Object(Config\Cache), false)
10 FCPATH\index.php(79): CodeIgniter\CodeIgniter->run()
11 SYSTEMPATH\Commands\Server\rewrite.php(47): require_once('C:\\xampp\\htdocs\\tesproyekif2\\public\\index.php')
CRITICAL - 2023-11-24 02:47:14 --> Undefined variable $title
in APPPATH\Views\layout\templatekaryawan.php on line 14.
 1 APPPATH\Views\layout\templatekaryawan.php(14): CodeIgniter\Debug\Exceptions->errorHandler(2, 'Undefined variable $title', 'C:\\xampp\\htdocs\\tesproyekif2\\app\\Views\\layout\\templatekaryawan.php', 14)
 2 SYSTEMPATH\View\View.php(226): include('C:\\xampp\\htdocs\\tesproyekif2\\app\\Views\\layout\\templatekaryawan.php')
 3 SYSTEMPATH\View\View.php(229): CodeIgniter\View\View->CodeIgniter\View\{closure}()
 4 SYSTEMPATH\View\View.php(242): CodeIgniter\View\View->render('layout/templatekaryawan', [], true)
 5 SYSTEMPATH\Common.php(1188): CodeIgniter\View\View->render('pageskaryawan/laporan', [], true)
 6 APPPATH\Controllers\PagesKaryawan.php(165): view('pageskaryawan/laporan', [...])
 7 SYSTEMPATH\CodeIgniter.php(919): App\Controllers\PagesKaryawan->keuangan()
 8 SYSTEMPATH\CodeIgniter.php(494): CodeIgniter\CodeIgniter->runController(Object(App\Controllers\PagesKaryawan))
 9 SYSTEMPATH\CodeIgniter.php(353): CodeIgniter\CodeIgniter->handleRequest(null, Object(Config\Cache), false)
10 FCPATH\index.php(79): CodeIgniter\CodeIgniter->run()
11 SYSTEMPATH\Commands\Server\rewrite.php(47): require_once('C:\\xampp\\htdocs\\tesproyekif2\\public\\index.php')
CRITICAL - 2023-11-24 03:51:17 --> Cannot use object of type stdClass as array
in APPPATH\Views\pageskaryawan\edit.php on line 24.
 1 SYSTEMPATH\View\View.php(226): include()
 2 SYSTEMPATH\View\View.php(229): CodeIgniter\View\View->CodeIgniter\View\{closure}()
 3 SYSTEMPATH\Common.php(1188): CodeIgniter\View\View->render('pageskaryawan/edit', [], true)
 4 APPPATH\Controllers\PagesKaryawan.php(122): view('pageskaryawan/edit', [...])
 5 SYSTEMPATH\CodeIgniter.php(919): App\Controllers\PagesKaryawan->edit('1')
 6 SYSTEMPATH\CodeIgniter.php(494): CodeIgniter\CodeIgniter->runController(Object(App\Controllers\PagesKaryawan))
 7 SYSTEMPATH\CodeIgniter.php(353): CodeIgniter\CodeIgniter->handleRequest(null, Object(Config\Cache), false)
 8 FCPATH\index.php(79): CodeIgniter\CodeIgniter->run()
 9 SYSTEMPATH\Commands\Server\rewrite.php(47): require_once('C:\\xampp\\htdocs\\tesproyekif2\\public\\index.php')
CRITICAL - 2023-11-24 04:29:40 --> Cannot use object of type stdClass as array
in APPPATH\Views\pageskaryawan\edit.php on line 24.
 1 SYSTEMPATH\View\View.php(226): include()
 2 SYSTEMPATH\View\View.php(229): CodeIgniter\View\View->CodeIgniter\View\{closure}()
 3 SYSTEMPATH\Common.php(1188): CodeIgniter\View\View->render('pageskaryawan/edit', [], true)
 4 APPPATH\Controllers\PagesKaryawan.php(122): view('pageskaryawan/edit', [...])
 5 SYSTEMPATH\CodeIgniter.php(919): App\Controllers\PagesKaryawan->edit('1')
 6 SYSTEMPATH\CodeIgniter.php(494): CodeIgniter\CodeIgniter->runController(Object(App\Controllers\PagesKaryawan))
 7 SYSTEMPATH\CodeIgniter.php(353): CodeIgniter\CodeIgniter->handleRequest(null, Object(Config\Cache), false)
 8 FCPATH\index.php(79): CodeIgniter\CodeIgniter->run()
 9 SYSTEMPATH\Commands\Server\rewrite.php(47): require_once('C:\\xampp\\htdocs\\tesproyekif2\\public\\index.php')
CRITICAL - 2023-11-24 04:50:36 --> Undefined variable $products
in APPPATH\Views\pages\menupelanggan.php on line 44.
 1 APPPATH\Views\pages\menupelanggan.php(44): CodeIgniter\Debug\Exceptions->errorHandler(2, 'Undefined variable $products', 'C:\\xampp\\htdocs\\tesproyekif2\\app\\Views\\pages\\menupelanggan.php', 44)
 2 SYSTEMPATH\View\View.php(226): include('C:\\xampp\\htdocs\\tesproyekif2\\app\\Views\\pages\\menupelanggan.php')
 3 SYSTEMPATH\View\View.php(229): CodeIgniter\View\View->CodeIgniter\View\{closure}()
 4 SYSTEMPATH\Common.php(1188): CodeIgniter\View\View->render('pages/menupelanggan', [], true)
 5 APPPATH\Controllers\Pages.php(50): view('pages/menupelanggan', [...])
 6 SYSTEMPATH\CodeIgniter.php(919): App\Controllers\Pages->menupelanggan()
 7 SYSTEMPATH\CodeIgniter.php(494): CodeIgniter\CodeIgniter->runController(Object(App\Controllers\Pages))
 8 SYSTEMPATH\CodeIgniter.php(353): CodeIgniter\CodeIgniter->handleRequest(null, Object(Config\Cache), false)
 9 FCPATH\index.php(79): CodeIgniter\CodeIgniter->run()
10 SYSTEMPATH\Commands\Server\rewrite.php(47): require_once('C:\\xampp\\htdocs\\tesproyekif2\\public\\index.php')
