CRITICAL - 2023-11-22 03:32:54 --> Undefined variable $user
in APPPATH\Controllers\Login.php on line 15.
 1 APPPATH\Controllers\Login.php(15): CodeIgniter\Debug\Exceptions->errorHandler(2, 'Undefined variable $user', 'C:\\xampp\\htdocs\\tesproyekif\\app\\Controllers\\Login.php', 15)
 2 SYSTEMPATH\CodeIgniter.php(891): App\Controllers\Login->__construct()
 3 SYSTEMPATH\CodeIgniter.php(485): CodeIgniter\CodeIgniter->createController()
 4 SYSTEMPATH\CodeIgniter.php(353): CodeIgniter\CodeIgniter->handleRequest(null, Object(Config\Cache), false)
 5 FCPATH\index.php(79): CodeIgniter\CodeIgniter->run()
 6 SYSTEMPATH\Commands\Server\rewrite.php(47): require_once('C:\\xampp\\htdocs\\tesproyekif\\public\\index.php')
CRITICAL - 2023-11-22 03:33:13 --> Undefined variable $user
in APPPATH\Controllers\Login.php on line 15.
 1 APPPATH\Controllers\Login.php(15): CodeIgniter\Debug\Exceptions->errorHandler(2, 'Undefined variable $user', 'C:\\xampp\\htdocs\\tesproyekif\\app\\Controllers\\Login.php', 15)
 2 SYSTEMPATH\CodeIgniter.php(891): App\Controllers\Login->__construct()
 3 SYSTEMPATH\CodeIgniter.php(485): CodeIgniter\CodeIgniter->createController()
 4 SYSTEMPATH\CodeIgniter.php(353): CodeIgniter\CodeIgniter->handleRequest(null, Object(Config\Cache), false)
 5 FCPATH\index.php(79): CodeIgniter\CodeIgniter->run()
 6 SYSTEMPATH\Commands\Server\rewrite.php(47): require_once('C:\\xampp\\htdocs\\tesproyekif\\public\\index.php')
CRITICAL - 2023-11-22 03:33:14 --> Undefined variable $user
in APPPATH\Controllers\Login.php on line 15.
 1 APPPATH\Controllers\Login.php(15): CodeIgniter\Debug\Exceptions->errorHandler(2, 'Undefined variable $user', 'C:\\xampp\\htdocs\\tesproyekif\\app\\Controllers\\Login.php', 15)
 2 SYSTEMPATH\CodeIgniter.php(891): App\Controllers\Login->__construct()
 3 SYSTEMPATH\CodeIgniter.php(485): CodeIgniter\CodeIgniter->createController()
 4 SYSTEMPATH\CodeIgniter.php(353): CodeIgniter\CodeIgniter->handleRequest(null, Object(Config\Cache), false)
 5 FCPATH\index.php(79): CodeIgniter\CodeIgniter->run()
 6 SYSTEMPATH\Commands\Server\rewrite.php(47): require_once('C:\\xampp\\htdocs\\tesproyekif\\public\\index.php')
CRITICAL - 2023-11-22 03:33:56 --> Undefined variable $user
in APPPATH\Controllers\Login.php on line 15.
 1 APPPATH\Controllers\Login.php(15): CodeIgniter\Debug\Exceptions->errorHandler(2, 'Undefined variable $user', 'C:\\xampp\\htdocs\\tesproyekif\\app\\Controllers\\Login.php', 15)
 2 SYSTEMPATH\CodeIgniter.php(891): App\Controllers\Login->__construct()
 3 SYSTEMPATH\CodeIgniter.php(485): CodeIgniter\CodeIgniter->createController()
 4 SYSTEMPATH\CodeIgniter.php(353): CodeIgniter\CodeIgniter->handleRequest(null, Object(Config\Cache), false)
 5 FCPATH\index.php(79): CodeIgniter\CodeIgniter->run()
 6 SYSTEMPATH\Commands\Server\rewrite.php(47): require_once('C:\\xampp\\htdocs\\tesproyekif\\public\\index.php')
CRITICAL - 2023-11-22 03:33:57 --> Undefined variable $user
in APPPATH\Controllers\Login.php on line 15.
 1 APPPATH\Controllers\Login.php(15): CodeIgniter\Debug\Exceptions->errorHandler(2, 'Undefined variable $user', 'C:\\xampp\\htdocs\\tesproyekif\\app\\Controllers\\Login.php', 15)
 2 SYSTEMPATH\CodeIgniter.php(891): App\Controllers\Login->__construct()
 3 SYSTEMPATH\CodeIgniter.php(485): CodeIgniter\CodeIgniter->createController()
 4 SYSTEMPATH\CodeIgniter.php(353): CodeIgniter\CodeIgniter->handleRequest(null, Object(Config\Cache), false)
 5 FCPATH\index.php(79): CodeIgniter\CodeIgniter->run()
 6 SYSTEMPATH\Commands\Server\rewrite.php(47): require_once('C:\\xampp\\htdocs\\tesproyekif\\public\\index.php')
CRITICAL - 2023-11-22 03:34:40 --> Undefined variable $user
in APPPATH\Controllers\Login.php on line 15.
 1 APPPATH\Controllers\Login.php(15): CodeIgniter\Debug\Exceptions->errorHandler(2, 'Undefined variable $user', 'C:\\xampp\\htdocs\\tesproyekif\\app\\Controllers\\Login.php', 15)
 2 SYSTEMPATH\CodeIgniter.php(891): App\Controllers\Login->__construct()
 3 SYSTEMPATH\CodeIgniter.php(485): CodeIgniter\CodeIgniter->createController()
 4 SYSTEMPATH\CodeIgniter.php(353): CodeIgniter\CodeIgniter->handleRequest(null, Object(Config\Cache), false)
 5 FCPATH\index.php(79): CodeIgniter\CodeIgniter->run()
 6 SYSTEMPATH\Commands\Server\rewrite.php(47): require_once('C:\\xampp\\htdocs\\tesproyekif\\public\\index.php')
CRITICAL - 2023-11-22 03:34:41 --> Undefined variable $user
in APPPATH\Controllers\Login.php on line 15.
 1 APPPATH\Controllers\Login.php(15): CodeIgniter\Debug\Exceptions->errorHandler(2, 'Undefined variable $user', 'C:\\xampp\\htdocs\\tesproyekif\\app\\Controllers\\Login.php', 15)
 2 SYSTEMPATH\CodeIgniter.php(891): App\Controllers\Login->__construct()
 3 SYSTEMPATH\CodeIgniter.php(485): CodeIgniter\CodeIgniter->createController()
 4 SYSTEMPATH\CodeIgniter.php(353): CodeIgniter\CodeIgniter->handleRequest(null, Object(Config\Cache), false)
 5 FCPATH\index.php(79): CodeIgniter\CodeIgniter->run()
 6 SYSTEMPATH\Commands\Server\rewrite.php(47): require_once('C:\\xampp\\htdocs\\tesproyekif\\public\\index.php')
CRITICAL - 2023-11-22 03:35:47 --> Undefined variable $user
in APPPATH\Controllers\Login.php on line 15.
 1 APPPATH\Controllers\Login.php(15): CodeIgniter\Debug\Exceptions->errorHandler(2, 'Undefined variable $user', 'C:\\xampp\\htdocs\\tesproyekif\\app\\Controllers\\Login.php', 15)
 2 SYSTEMPATH\CodeIgniter.php(891): App\Controllers\Login->__construct()
 3 SYSTEMPATH\CodeIgniter.php(485): CodeIgniter\CodeIgniter->createController()
 4 SYSTEMPATH\CodeIgniter.php(353): CodeIgniter\CodeIgniter->handleRequest(null, Object(Config\Cache), false)
 5 FCPATH\index.php(79): CodeIgniter\CodeIgniter->run()
 6 SYSTEMPATH\Commands\Server\rewrite.php(47): require_once('C:\\xampp\\htdocs\\tesproyekif\\public\\index.php')
CRITICAL - 2023-11-22 03:35:48 --> Undefined variable $user
in APPPATH\Controllers\Login.php on line 15.
 1 APPPATH\Controllers\Login.php(15): CodeIgniter\Debug\Exceptions->errorHandler(2, 'Undefined variable $user', 'C:\\xampp\\htdocs\\tesproyekif\\app\\Controllers\\Login.php', 15)
 2 SYSTEMPATH\CodeIgniter.php(891): App\Controllers\Login->__construct()
 3 SYSTEMPATH\CodeIgniter.php(485): CodeIgniter\CodeIgniter->createController()
 4 SYSTEMPATH\CodeIgniter.php(353): CodeIgniter\CodeIgniter->handleRequest(null, Object(Config\Cache), false)
 5 FCPATH\index.php(79): CodeIgniter\CodeIgniter->run()
 6 SYSTEMPATH\Commands\Server\rewrite.php(47): require_once('C:\\xampp\\htdocs\\tesproyekif\\public\\index.php')
CRITICAL - 2023-11-22 03:35:50 --> Undefined variable $user
in APPPATH\Controllers\Login.php on line 15.
 1 APPPATH\Controllers\Login.php(15): CodeIgniter\Debug\Exceptions->errorHandler(2, 'Undefined variable $user', 'C:\\xampp\\htdocs\\tesproyekif\\app\\Controllers\\Login.php', 15)
 2 SYSTEMPATH\CodeIgniter.php(891): App\Controllers\Login->__construct()
 3 SYSTEMPATH\CodeIgniter.php(485): CodeIgniter\CodeIgniter->createController()
 4 SYSTEMPATH\CodeIgniter.php(353): CodeIgniter\CodeIgniter->handleRequest(null, Object(Config\Cache), false)
 5 FCPATH\index.php(79): CodeIgniter\CodeIgniter->run()
 6 SYSTEMPATH\Commands\Server\rewrite.php(47): require_once('C:\\xampp\\htdocs\\tesproyekif\\public\\index.php')
CRITICAL - 2023-11-22 03:37:27 --> Undefined variable $user
in APPPATH\Controllers\Login.php on line 17.
 1 APPPATH\Controllers\Login.php(17): CodeIgniter\Debug\Exceptions->errorHandler(2, 'Undefined variable $user', 'C:\\xampp\\htdocs\\tesproyekif\\app\\Controllers\\Login.php', 17)
 2 SYSTEMPATH\CodeIgniter.php(891): App\Controllers\Login->__construct()
 3 SYSTEMPATH\CodeIgniter.php(485): CodeIgniter\CodeIgniter->createController()
 4 SYSTEMPATH\CodeIgniter.php(353): CodeIgniter\CodeIgniter->handleRequest(null, Object(Config\Cache), false)
 5 FCPATH\index.php(79): CodeIgniter\CodeIgniter->run()
 6 SYSTEMPATH\Commands\Server\rewrite.php(47): require_once('C:\\xampp\\htdocs\\tesproyekif\\public\\index.php')
CRITICAL - 2023-11-22 03:37:28 --> Undefined variable $user
in APPPATH\Controllers\Login.php on line 17.
 1 APPPATH\Controllers\Login.php(17): CodeIgniter\Debug\Exceptions->errorHandler(2, 'Undefined variable $user', 'C:\\xampp\\htdocs\\tesproyekif\\app\\Controllers\\Login.php', 17)
 2 SYSTEMPATH\CodeIgniter.php(891): App\Controllers\Login->__construct()
 3 SYSTEMPATH\CodeIgniter.php(485): CodeIgniter\CodeIgniter->createController()
 4 SYSTEMPATH\CodeIgniter.php(353): CodeIgniter\CodeIgniter->handleRequest(null, Object(Config\Cache), false)
 5 FCPATH\index.php(79): CodeIgniter\CodeIgniter->run()
 6 SYSTEMPATH\Commands\Server\rewrite.php(47): require_once('C:\\xampp\\htdocs\\tesproyekif\\public\\index.php')
CRITICAL - 2023-11-22 03:52:37 --> Class "Services" not found
in APPPATH\Config\Routes.php on line 11.
 1 SYSTEMPATH\Router\RouteCollection.php(339): require()
 2 SYSTEMPATH\CodeIgniter.php(787): CodeIgniter\Router\RouteCollection->loadRoutes()
 3 SYSTEMPATH\CodeIgniter.php(442): CodeIgniter\CodeIgniter->tryToRouteIt(null)
 4 SYSTEMPATH\CodeIgniter.php(353): CodeIgniter\CodeIgniter->handleRequest(null, Object(Config\Cache), false)
 5 FCPATH\index.php(79): CodeIgniter\CodeIgniter->run()
 6 SYSTEMPATH\Commands\Server\rewrite.php(47): require_once('C:\\xampp\\htdocs\\tesproyekif\\public\\index.php')
CRITICAL - 2023-11-22 03:52:39 --> Class "Services" not found
in APPPATH\Config\Routes.php on line 11.
 1 SYSTEMPATH\Router\RouteCollection.php(339): require()
 2 SYSTEMPATH\CodeIgniter.php(787): CodeIgniter\Router\RouteCollection->loadRoutes()
 3 SYSTEMPATH\CodeIgniter.php(442): CodeIgniter\CodeIgniter->tryToRouteIt(null)
 4 SYSTEMPATH\CodeIgniter.php(353): CodeIgniter\CodeIgniter->handleRequest(null, Object(Config\Cache), false)
 5 FCPATH\index.php(79): CodeIgniter\CodeIgniter->run()
 6 SYSTEMPATH\Commands\Server\rewrite.php(47): require_once('C:\\xampp\\htdocs\\tesproyekif\\public\\index.php')
CRITICAL - 2023-11-22 03:52:40 --> Class "Services" not found
in APPPATH\Config\Routes.php on line 11.
 1 SYSTEMPATH\Router\RouteCollection.php(339): require()
 2 SYSTEMPATH\CodeIgniter.php(787): CodeIgniter\Router\RouteCollection->loadRoutes()
 3 SYSTEMPATH\CodeIgniter.php(442): CodeIgniter\CodeIgniter->tryToRouteIt(null)
 4 SYSTEMPATH\CodeIgniter.php(353): CodeIgniter\CodeIgniter->handleRequest(null, Object(Config\Cache), false)
 5 FCPATH\index.php(79): CodeIgniter\CodeIgniter->run()
 6 SYSTEMPATH\Commands\Server\rewrite.php(47): require_once('C:\\xampp\\htdocs\\tesproyekif\\public\\index.php')
CRITICAL - 2023-11-22 03:52:40 --> Class "Services" not found
in APPPATH\Config\Routes.php on line 11.
 1 SYSTEMPATH\Router\RouteCollection.php(339): require()
 2 SYSTEMPATH\CodeIgniter.php(787): CodeIgniter\Router\RouteCollection->loadRoutes()
 3 SYSTEMPATH\CodeIgniter.php(442): CodeIgniter\CodeIgniter->tryToRouteIt(null)
 4 SYSTEMPATH\CodeIgniter.php(353): CodeIgniter\CodeIgniter->handleRequest(null, Object(Config\Cache), false)
 5 FCPATH\index.php(79): CodeIgniter\CodeIgniter->run()
 6 SYSTEMPATH\Commands\Server\rewrite.php(47): require_once('C:\\xampp\\htdocs\\tesproyekif\\public\\index.php')
CRITICAL - 2023-11-22 03:55:38 --> You must set the database table to be used with your query.
in SYSTEMPATH\Database\BaseConnection.php on line 883.
 1 SYSTEMPATH\Model.php(635): CodeIgniter\Database\BaseConnection->table(null)
 2 SYSTEMPATH\Model.php(863): CodeIgniter\Model->builder()
 3 APPPATH\Controllers\Login.php(22): CodeIgniter\Model->__call('getData', [...])
 4 SYSTEMPATH\CodeIgniter.php(919): App\Controllers\Login->action()
 5 SYSTEMPATH\CodeIgniter.php(494): CodeIgniter\CodeIgniter->runController(Object(App\Controllers\Login))
 6 SYSTEMPATH\CodeIgniter.php(353): CodeIgniter\CodeIgniter->handleRequest(null, Object(Config\Cache), false)
 7 FCPATH\index.php(79): CodeIgniter\CodeIgniter->run()
 8 SYSTEMPATH\Commands\Server\rewrite.php(47): require_once('C:\\xampp\\htdocs\\tesproyekif\\public\\index.php')
CRITICAL - 2023-11-22 03:55:54 --> You must set the database table to be used with your query.
in SYSTEMPATH\Database\BaseConnection.php on line 883.
 1 SYSTEMPATH\Model.php(635): CodeIgniter\Database\BaseConnection->table(null)
 2 SYSTEMPATH\Model.php(863): CodeIgniter\Model->builder()
 3 APPPATH\Controllers\Login.php(22): CodeIgniter\Model->__call('getData', [...])
 4 SYSTEMPATH\CodeIgniter.php(919): App\Controllers\Login->action()
 5 SYSTEMPATH\CodeIgniter.php(494): CodeIgniter\CodeIgniter->runController(Object(App\Controllers\Login))
 6 SYSTEMPATH\CodeIgniter.php(353): CodeIgniter\CodeIgniter->handleRequest(null, Object(Config\Cache), false)
 7 FCPATH\index.php(79): CodeIgniter\CodeIgniter->run()
 8 SYSTEMPATH\Commands\Server\rewrite.php(47): require_once('C:\\xampp\\htdocs\\tesproyekif\\public\\index.php')
CRITICAL - 2023-11-22 03:56:16 --> You must set the database table to be used with your query.
in SYSTEMPATH\Database\BaseConnection.php on line 883.
 1 SYSTEMPATH\Model.php(635): CodeIgniter\Database\BaseConnection->table(null)
 2 SYSTEMPATH\Model.php(863): CodeIgniter\Model->builder()
 3 APPPATH\Controllers\Login.php(22): CodeIgniter\Model->__call('getData', [...])
 4 SYSTEMPATH\CodeIgniter.php(919): App\Controllers\Login->action()
 5 SYSTEMPATH\CodeIgniter.php(494): CodeIgniter\CodeIgniter->runController(Object(App\Controllers\Login))
 6 SYSTEMPATH\CodeIgniter.php(353): CodeIgniter\CodeIgniter->handleRequest(null, Object(Config\Cache), false)
 7 FCPATH\index.php(79): CodeIgniter\CodeIgniter->run()
 8 SYSTEMPATH\Commands\Server\rewrite.php(47): require_once('C:\\xampp\\htdocs\\tesproyekif\\public\\index.php')
CRITICAL - 2023-11-22 04:00:18 --> You must set the database table to be used with your query.
in SYSTEMPATH\Database\BaseConnection.php on line 883.
 1 SYSTEMPATH\Model.php(635): CodeIgniter\Database\BaseConnection->table(null)
 2 SYSTEMPATH\Model.php(863): CodeIgniter\Model->builder()
 3 APPPATH\Controllers\Login.php(22): CodeIgniter\Model->__call('getData', [...])
 4 SYSTEMPATH\CodeIgniter.php(919): App\Controllers\Login->action()
 5 SYSTEMPATH\CodeIgniter.php(494): CodeIgniter\CodeIgniter->runController(Object(App\Controllers\Login))
 6 SYSTEMPATH\CodeIgniter.php(353): CodeIgniter\CodeIgniter->handleRequest(null, Object(Config\Cache), false)
 7 FCPATH\index.php(79): CodeIgniter\CodeIgniter->run()
 8 SYSTEMPATH\Commands\Server\rewrite.php(47): require_once('C:\\xampp\\htdocs\\tesproyekif\\public\\index.php')
CRITICAL - 2023-11-22 04:00:22 --> You must set the database table to be used with your query.
in SYSTEMPATH\Database\BaseConnection.php on line 883.
 1 SYSTEMPATH\Model.php(635): CodeIgniter\Database\BaseConnection->table(null)
 2 SYSTEMPATH\Model.php(863): CodeIgniter\Model->builder()
 3 APPPATH\Controllers\Login.php(22): CodeIgniter\Model->__call('getData', [...])
 4 SYSTEMPATH\CodeIgniter.php(919): App\Controllers\Login->action()
 5 SYSTEMPATH\CodeIgniter.php(494): CodeIgniter\CodeIgniter->runController(Object(App\Controllers\Login))
 6 SYSTEMPATH\CodeIgniter.php(353): CodeIgniter\CodeIgniter->handleRequest(null, Object(Config\Cache), false)
 7 FCPATH\index.php(79): CodeIgniter\CodeIgniter->run()
 8 SYSTEMPATH\Commands\Server\rewrite.php(47): require_once('C:\\xampp\\htdocs\\tesproyekif\\public\\index.php')
CRITICAL - 2023-11-22 04:00:25 --> You must set the database table to be used with your query.
in SYSTEMPATH\Database\BaseConnection.php on line 883.
 1 SYSTEMPATH\Model.php(635): CodeIgniter\Database\BaseConnection->table(null)
 2 SYSTEMPATH\Model.php(863): CodeIgniter\Model->builder()
 3 APPPATH\Controllers\Login.php(22): CodeIgniter\Model->__call('getData', [...])
 4 SYSTEMPATH\CodeIgniter.php(919): App\Controllers\Login->action()
 5 SYSTEMPATH\CodeIgniter.php(494): CodeIgniter\CodeIgniter->runController(Object(App\Controllers\Login))
 6 SYSTEMPATH\CodeIgniter.php(353): CodeIgniter\CodeIgniter->handleRequest(null, Object(Config\Cache), false)
 7 FCPATH\index.php(79): CodeIgniter\CodeIgniter->run()
 8 SYSTEMPATH\Commands\Server\rewrite.php(47): require_once('C:\\xampp\\htdocs\\tesproyekif\\public\\index.php')
CRITICAL - 2023-11-22 16:47:08 --> Undefined variable $menu
in APPPATH\Views\pageskaryawan\menu.php on line 31.
 1 APPPATH\Views\pageskaryawan\menu.php(31): CodeIgniter\Debug\Exceptions->errorHandler(2, 'Undefined variable $menu', 'C:\\xampp\\htdocs\\tesproyekif - Copy\\app\\Views\\pageskaryawan\\menu.php', 31)
 2 SYSTEMPATH\View\View.php(226): include('C:\\xampp\\htdocs\\tesproyekif - Copy\\app\\Views\\pageskaryawan\\menu.php')
 3 SYSTEMPATH\View\View.php(229): CodeIgniter\View\View->CodeIgniter\View\{closure}()
 4 SYSTEMPATH\Common.php(1188): CodeIgniter\View\View->render('pageskaryawan/menu', [], true)
 5 APPPATH\Controllers\PagesKaryawan.php(18): view('pageskaryawan/menu', [...])
 6 SYSTEMPATH\CodeIgniter.php(919): App\Controllers\PagesKaryawan->menu()
 7 SYSTEMPATH\CodeIgniter.php(494): CodeIgniter\CodeIgniter->runController(Object(App\Controllers\PagesKaryawan))
 8 SYSTEMPATH\CodeIgniter.php(353): CodeIgniter\CodeIgniter->handleRequest(null, Object(Config\Cache), false)
 9 FCPATH\index.php(79): CodeIgniter\CodeIgniter->run()
10 SYSTEMPATH\Commands\Server\rewrite.php(47): require_once('C:\\xampp\\htdocs\\tesproyekif - Copy\\public\\index.php')
CRITICAL - 2023-11-22 16:47:11 --> Undefined variable $menu
in APPPATH\Views\pageskaryawan\menu.php on line 31.
 1 APPPATH\Views\pageskaryawan\menu.php(31): CodeIgniter\Debug\Exceptions->errorHandler(2, 'Undefined variable $menu', 'C:\\xampp\\htdocs\\tesproyekif - Copy\\app\\Views\\pageskaryawan\\menu.php', 31)
 2 SYSTEMPATH\View\View.php(226): include('C:\\xampp\\htdocs\\tesproyekif - Copy\\app\\Views\\pageskaryawan\\menu.php')
 3 SYSTEMPATH\View\View.php(229): CodeIgniter\View\View->CodeIgniter\View\{closure}()
 4 SYSTEMPATH\Common.php(1188): CodeIgniter\View\View->render('pageskaryawan/menu', [], true)
 5 APPPATH\Controllers\PagesKaryawan.php(18): view('pageskaryawan/menu', [...])
 6 SYSTEMPATH\CodeIgniter.php(919): App\Controllers\PagesKaryawan->menu()
 7 SYSTEMPATH\CodeIgniter.php(494): CodeIgniter\CodeIgniter->runController(Object(App\Controllers\PagesKaryawan))
 8 SYSTEMPATH\CodeIgniter.php(353): CodeIgniter\CodeIgniter->handleRequest(null, Object(Config\Cache), false)
 9 FCPATH\index.php(79): CodeIgniter\CodeIgniter->run()
10 SYSTEMPATH\Commands\Server\rewrite.php(47): require_once('C:\\xampp\\htdocs\\tesproyekif - Copy\\public\\index.php')
CRITICAL - 2023-11-22 16:47:46 --> Undefined variable $menu
in APPPATH\Views\pageskaryawan\menu.php on line 31.
 1 APPPATH\Views\pageskaryawan\menu.php(31): CodeIgniter\Debug\Exceptions->errorHandler(2, 'Undefined variable $menu', 'C:\\xampp\\htdocs\\tesproyekif - Copy\\app\\Views\\pageskaryawan\\menu.php', 31)
 2 SYSTEMPATH\View\View.php(226): include('C:\\xampp\\htdocs\\tesproyekif - Copy\\app\\Views\\pageskaryawan\\menu.php')
 3 SYSTEMPATH\View\View.php(229): CodeIgniter\View\View->CodeIgniter\View\{closure}()
 4 SYSTEMPATH\Common.php(1188): CodeIgniter\View\View->render('pageskaryawan/menu', [], true)
 5 APPPATH\Controllers\PagesKaryawan.php(18): view('pageskaryawan/menu', [...])
 6 SYSTEMPATH\CodeIgniter.php(919): App\Controllers\PagesKaryawan->menu()
 7 SYSTEMPATH\CodeIgniter.php(494): CodeIgniter\CodeIgniter->runController(Object(App\Controllers\PagesKaryawan))
 8 SYSTEMPATH\CodeIgniter.php(353): CodeIgniter\CodeIgniter->handleRequest(null, Object(Config\Cache), false)
 9 FCPATH\index.php(79): CodeIgniter\CodeIgniter->run()
10 SYSTEMPATH\Commands\Server\rewrite.php(47): require_once('C:\\xampp\\htdocs\\tesproyekif - Copy\\public\\index.php')
CRITICAL - 2023-11-22 16:50:36 --> Undefined variable $menu
in APPPATH\Views\pageskaryawan\menu.php on line 31.
 1 APPPATH\Views\pageskaryawan\menu.php(31): CodeIgniter\Debug\Exceptions->errorHandler(2, 'Undefined variable $menu', 'C:\\xampp\\htdocs\\tesproyekif - Copy\\app\\Views\\pageskaryawan\\menu.php', 31)
 2 SYSTEMPATH\View\View.php(226): include('C:\\xampp\\htdocs\\tesproyekif - Copy\\app\\Views\\pageskaryawan\\menu.php')
 3 SYSTEMPATH\View\View.php(229): CodeIgniter\View\View->CodeIgniter\View\{closure}()
 4 SYSTEMPATH\Common.php(1188): CodeIgniter\View\View->render('pageskaryawan/menu', [], true)
 5 APPPATH\Controllers\PagesKaryawan.php(18): view('pageskaryawan/menu', [...])
 6 SYSTEMPATH\CodeIgniter.php(919): App\Controllers\PagesKaryawan->menu()
 7 SYSTEMPATH\CodeIgniter.php(494): CodeIgniter\CodeIgniter->runController(Object(App\Controllers\PagesKaryawan))
 8 SYSTEMPATH\CodeIgniter.php(353): CodeIgniter\CodeIgniter->handleRequest(null, Object(Config\Cache), false)
 9 FCPATH\index.php(79): CodeIgniter\CodeIgniter->run()
10 SYSTEMPATH\Commands\Server\rewrite.php(47): require_once('C:\\xampp\\htdocs\\tesproyekif - Copy\\public\\index.php')
CRITICAL - 2023-11-22 17:38:33 --> Undefined array key "action"
in APPPATH\Views\pageskaryawan\menu.php on line 40.
 1 APPPATH\Views\pageskaryawan\menu.php(40): CodeIgniter\Debug\Exceptions->errorHandler(2, 'Undefined array key "action"', 'C:\\xampp\\htdocs\\tesproyekif - Copy\\app\\Views\\pageskaryawan\\menu.php', 40)
 2 SYSTEMPATH\View\View.php(226): include('C:\\xampp\\htdocs\\tesproyekif - Copy\\app\\Views\\pageskaryawan\\menu.php')
 3 SYSTEMPATH\View\View.php(229): CodeIgniter\View\View->CodeIgniter\View\{closure}()
 4 SYSTEMPATH\Common.php(1188): CodeIgniter\View\View->render('pageskaryawan/menu', [], true)
 5 APPPATH\Controllers\PagesKaryawan.php(20): view('pageskaryawan/menu', [...])
 6 SYSTEMPATH\CodeIgniter.php(919): App\Controllers\PagesKaryawan->menu()
 7 SYSTEMPATH\CodeIgniter.php(494): CodeIgniter\CodeIgniter->runController(Object(App\Controllers\PagesKaryawan))
 8 SYSTEMPATH\CodeIgniter.php(353): CodeIgniter\CodeIgniter->handleRequest(null, Object(Config\Cache), false)
 9 FCPATH\index.php(79): CodeIgniter\CodeIgniter->run()
10 SYSTEMPATH\Commands\Server\rewrite.php(47): require_once('C:\\xampp\\htdocs\\tesproyekif - Copy\\public\\index.php')
CRITICAL - 2023-11-22 17:41:22 --> Undefined array key "action"
in APPPATH\Views\pageskaryawan\menu.php on line 40.
 1 APPPATH\Views\pageskaryawan\menu.php(40): CodeIgniter\Debug\Exceptions->errorHandler(2, 'Undefined array key "action"', 'C:\\xampp\\htdocs\\tesproyekif - Copy\\app\\Views\\pageskaryawan\\menu.php', 40)
 2 SYSTEMPATH\View\View.php(226): include('C:\\xampp\\htdocs\\tesproyekif - Copy\\app\\Views\\pageskaryawan\\menu.php')
 3 SYSTEMPATH\View\View.php(229): CodeIgniter\View\View->CodeIgniter\View\{closure}()
 4 SYSTEMPATH\Common.php(1188): CodeIgniter\View\View->render('pageskaryawan/menu', [], true)
 5 APPPATH\Controllers\PagesKaryawan.php(20): view('pageskaryawan/menu', [...])
 6 SYSTEMPATH\CodeIgniter.php(919): App\Controllers\PagesKaryawan->menu()
 7 SYSTEMPATH\CodeIgniter.php(494): CodeIgniter\CodeIgniter->runController(Object(App\Controllers\PagesKaryawan))
 8 SYSTEMPATH\CodeIgniter.php(353): CodeIgniter\CodeIgniter->handleRequest(null, Object(Config\Cache), false)
 9 FCPATH\index.php(79): CodeIgniter\CodeIgniter->run()
10 SYSTEMPATH\Commands\Server\rewrite.php(47): require_once('C:\\xampp\\htdocs\\tesproyekif - Copy\\public\\index.php')
CRITICAL - 2023-11-22 17:42:32 --> Undefined array key "action"
in APPPATH\Views\pageskaryawan\menu.php on line 40.
 1 APPPATH\Views\pageskaryawan\menu.php(40): CodeIgniter\Debug\Exceptions->errorHandler(2, 'Undefined array key "action"', 'C:\\xampp\\htdocs\\tesproyekif - Copy\\app\\Views\\pageskaryawan\\menu.php', 40)
 2 SYSTEMPATH\View\View.php(226): include('C:\\xampp\\htdocs\\tesproyekif - Copy\\app\\Views\\pageskaryawan\\menu.php')
 3 SYSTEMPATH\View\View.php(229): CodeIgniter\View\View->CodeIgniter\View\{closure}()
 4 SYSTEMPATH\Common.php(1188): CodeIgniter\View\View->render('pageskaryawan/menu', [], true)
 5 APPPATH\Controllers\PagesKaryawan.php(20): view('pageskaryawan/menu', [...])
 6 SYSTEMPATH\CodeIgniter.php(919): App\Controllers\PagesKaryawan->menu()
 7 SYSTEMPATH\CodeIgniter.php(494): CodeIgniter\CodeIgniter->runController(Object(App\Controllers\PagesKaryawan))
 8 SYSTEMPATH\CodeIgniter.php(353): CodeIgniter\CodeIgniter->handleRequest(null, Object(Config\Cache), false)
 9 FCPATH\index.php(79): CodeIgniter\CodeIgniter->run()
10 SYSTEMPATH\Commands\Server\rewrite.php(47): require_once('C:\\xampp\\htdocs\\tesproyekif - Copy\\public\\index.php')
CRITICAL - 2023-11-22 18:15:36 --> Undefined array key "action"
in APPPATH\Views\pageskaryawan\menu.php on line 40.
 1 APPPATH\Views\pageskaryawan\menu.php(40): CodeIgniter\Debug\Exceptions->errorHandler(2, 'Undefined array key "action"', 'C:\\xampp\\htdocs\\tesproyekif - Copy\\app\\Views\\pageskaryawan\\menu.php', 40)
 2 SYSTEMPATH\View\View.php(226): include('C:\\xampp\\htdocs\\tesproyekif - Copy\\app\\Views\\pageskaryawan\\menu.php')
 3 SYSTEMPATH\View\View.php(229): CodeIgniter\View\View->CodeIgniter\View\{closure}()
 4 SYSTEMPATH\Common.php(1188): CodeIgniter\View\View->render('pageskaryawan/menu', [], true)
 5 APPPATH\Controllers\PagesKaryawan.php(20): view('pageskaryawan/menu', [...])
 6 SYSTEMPATH\CodeIgniter.php(919): App\Controllers\PagesKaryawan->menu()
 7 SYSTEMPATH\CodeIgniter.php(494): CodeIgniter\CodeIgniter->runController(Object(App\Controllers\PagesKaryawan))
 8 SYSTEMPATH\CodeIgniter.php(353): CodeIgniter\CodeIgniter->handleRequest(null, Object(Config\Cache), false)
 9 FCPATH\index.php(79): CodeIgniter\CodeIgniter->run()
10 SYSTEMPATH\Commands\Server\rewrite.php(47): require_once('C:\\xampp\\htdocs\\tesproyekif - Copy\\public\\index.php')
CRITICAL - 2023-11-22 18:30:06 --> Undefined array key "action"
in APPPATH\Views\pageskaryawan\menu.php on line 40.
 1 APPPATH\Views\pageskaryawan\menu.php(40): CodeIgniter\Debug\Exceptions->errorHandler(2, 'Undefined array key "action"', 'C:\\xampp\\htdocs\\tesproyekif - Copy\\app\\Views\\pageskaryawan\\menu.php', 40)
 2 SYSTEMPATH\View\View.php(226): include('C:\\xampp\\htdocs\\tesproyekif - Copy\\app\\Views\\pageskaryawan\\menu.php')
 3 SYSTEMPATH\View\View.php(229): CodeIgniter\View\View->CodeIgniter\View\{closure}()
 4 SYSTEMPATH\Common.php(1188): CodeIgniter\View\View->render('pageskaryawan/menu', [], true)
 5 APPPATH\Controllers\PagesKaryawan.php(20): view('pageskaryawan/menu', [...])
 6 SYSTEMPATH\CodeIgniter.php(919): App\Controllers\PagesKaryawan->menu()
 7 SYSTEMPATH\CodeIgniter.php(494): CodeIgniter\CodeIgniter->runController(Object(App\Controllers\PagesKaryawan))
 8 SYSTEMPATH\CodeIgniter.php(353): CodeIgniter\CodeIgniter->handleRequest(null, Object(Config\Cache), false)
 9 FCPATH\index.php(79): CodeIgniter\CodeIgniter->run()
10 SYSTEMPATH\Commands\Server\rewrite.php(47): require_once('C:\\xampp\\htdocs\\tesproyekif - Copy\\public\\index.php')
CRITICAL - 2023-11-22 18:31:03 --> Undefined array key "action"
in APPPATH\Views\pageskaryawan\menu.php on line 40.
 1 APPPATH\Views\pageskaryawan\menu.php(40): CodeIgniter\Debug\Exceptions->errorHandler(2, 'Undefined array key "action"', 'C:\\xampp\\htdocs\\tesproyekif - Copy\\app\\Views\\pageskaryawan\\menu.php', 40)
 2 SYSTEMPATH\View\View.php(226): include('C:\\xampp\\htdocs\\tesproyekif - Copy\\app\\Views\\pageskaryawan\\menu.php')
 3 SYSTEMPATH\View\View.php(229): CodeIgniter\View\View->CodeIgniter\View\{closure}()
 4 SYSTEMPATH\Common.php(1188): CodeIgniter\View\View->render('pageskaryawan/menu', [], true)
 5 APPPATH\Controllers\PagesKaryawan.php(20): view('pageskaryawan/menu', [...])
 6 SYSTEMPATH\CodeIgniter.php(919): App\Controllers\PagesKaryawan->menu()
 7 SYSTEMPATH\CodeIgniter.php(494): CodeIgniter\CodeIgniter->runController(Object(App\Controllers\PagesKaryawan))
 8 SYSTEMPATH\CodeIgniter.php(353): CodeIgniter\CodeIgniter->handleRequest(null, Object(Config\Cache), false)
 9 FCPATH\index.php(79): CodeIgniter\CodeIgniter->run()
10 SYSTEMPATH\Commands\Server\rewrite.php(47): require_once('C:\\xampp\\htdocs\\tesproyekif - Copy\\public\\index.php')
CRITICAL - 2023-11-22 21:23:23 --> Undefined array key "action"
in APPPATH\Views\pageskaryawan\menu.php on line 40.
 1 APPPATH\Views\pageskaryawan\menu.php(40): CodeIgniter\Debug\Exceptions->errorHandler(2, 'Undefined array key "action"', 'C:\\xampp\\htdocs\\tesproyekif - Copy\\app\\Views\\pageskaryawan\\menu.php', 40)
 2 SYSTEMPATH\View\View.php(226): include('C:\\xampp\\htdocs\\tesproyekif - Copy\\app\\Views\\pageskaryawan\\menu.php')
 3 SYSTEMPATH\View\View.php(229): CodeIgniter\View\View->CodeIgniter\View\{closure}()
 4 SYSTEMPATH\Common.php(1188): CodeIgniter\View\View->render('pageskaryawan/menu', [], true)
 5 APPPATH\Controllers\PagesKaryawan.php(20): view('pageskaryawan/menu', [...])
 6 SYSTEMPATH\CodeIgniter.php(919): App\Controllers\PagesKaryawan->menu()
 7 SYSTEMPATH\CodeIgniter.php(494): CodeIgniter\CodeIgniter->runController(Object(App\Controllers\PagesKaryawan))
 8 SYSTEMPATH\CodeIgniter.php(353): CodeIgniter\CodeIgniter->handleRequest(null, Object(Config\Cache), false)
 9 FCPATH\index.php(79): CodeIgniter\CodeIgniter->run()
10 SYSTEMPATH\Commands\Server\rewrite.php(47): require_once('C:\\xampp\\htdocs\\tesproyekif - Copy\\public\\index.php')
CRITICAL - 2023-11-22 21:23:23 --> Undefined array key "action"
in APPPATH\Views\pageskaryawan\menu.php on line 40.
 1 APPPATH\Views\pageskaryawan\menu.php(40): CodeIgniter\Debug\Exceptions->errorHandler(2, 'Undefined array key "action"', 'C:\\xampp\\htdocs\\tesproyekif - Copy\\app\\Views\\pageskaryawan\\menu.php', 40)
 2 SYSTEMPATH\View\View.php(226): include('C:\\xampp\\htdocs\\tesproyekif - Copy\\app\\Views\\pageskaryawan\\menu.php')
 3 SYSTEMPATH\View\View.php(229): CodeIgniter\View\View->CodeIgniter\View\{closure}()
 4 SYSTEMPATH\Common.php(1188): CodeIgniter\View\View->render('pageskaryawan/menu', [], true)
 5 APPPATH\Controllers\PagesKaryawan.php(20): view('pageskaryawan/menu', [...])
 6 SYSTEMPATH\CodeIgniter.php(919): App\Controllers\PagesKaryawan->menu()
 7 SYSTEMPATH\CodeIgniter.php(494): CodeIgniter\CodeIgniter->runController(Object(App\Controllers\PagesKaryawan))
 8 SYSTEMPATH\CodeIgniter.php(353): CodeIgniter\CodeIgniter->handleRequest(null, Object(Config\Cache), false)
 9 FCPATH\index.php(79): CodeIgniter\CodeIgniter->run()
10 SYSTEMPATH\Commands\Server\rewrite.php(47): require_once('C:\\xampp\\htdocs\\tesproyekif - Copy\\public\\index.php')
CRITICAL - 2023-11-22 21:29:51 --> Undefined array key "action"
in APPPATH\Views\pageskaryawan\menu.php on line 40.
 1 APPPATH\Views\pageskaryawan\menu.php(40): CodeIgniter\Debug\Exceptions->errorHandler(2, 'Undefined array key "action"', 'C:\\xampp\\htdocs\\tesproyekif - Copy\\app\\Views\\pageskaryawan\\menu.php', 40)
 2 SYSTEMPATH\View\View.php(226): include('C:\\xampp\\htdocs\\tesproyekif - Copy\\app\\Views\\pageskaryawan\\menu.php')
 3 SYSTEMPATH\View\View.php(229): CodeIgniter\View\View->CodeIgniter\View\{closure}()
 4 SYSTEMPATH\Common.php(1188): CodeIgniter\View\View->render('pageskaryawan/menu', [], true)
 5 APPPATH\Controllers\PagesKaryawan.php(20): view('pageskaryawan/menu', [...])
 6 SYSTEMPATH\CodeIgniter.php(919): App\Controllers\PagesKaryawan->menu()
 7 SYSTEMPATH\CodeIgniter.php(494): CodeIgniter\CodeIgniter->runController(Object(App\Controllers\PagesKaryawan))
 8 SYSTEMPATH\CodeIgniter.php(353): CodeIgniter\CodeIgniter->handleRequest(null, Object(Config\Cache), false)
 9 FCPATH\index.php(79): CodeIgniter\CodeIgniter->run()
10 SYSTEMPATH\Commands\Server\rewrite.php(47): require_once('C:\\xampp\\htdocs\\tesproyekif - Copy\\public\\index.php')
CRITICAL - 2023-11-22 21:30:15 --> Undefined array key "action"
in APPPATH\Views\pageskaryawan\menu.php on line 40.
 1 APPPATH\Views\pageskaryawan\menu.php(40): CodeIgniter\Debug\Exceptions->errorHandler(2, 'Undefined array key "action"', 'C:\\xampp\\htdocs\\tesproyekif - Copy\\app\\Views\\pageskaryawan\\menu.php', 40)
 2 SYSTEMPATH\View\View.php(226): include('C:\\xampp\\htdocs\\tesproyekif - Copy\\app\\Views\\pageskaryawan\\menu.php')
 3 SYSTEMPATH\View\View.php(229): CodeIgniter\View\View->CodeIgniter\View\{closure}()
 4 SYSTEMPATH\Common.php(1188): CodeIgniter\View\View->render('pageskaryawan/menu', [], true)
 5 APPPATH\Controllers\PagesKaryawan.php(20): view('pageskaryawan/menu', [...])
 6 SYSTEMPATH\CodeIgniter.php(919): App\Controllers\PagesKaryawan->menu()
 7 SYSTEMPATH\CodeIgniter.php(494): CodeIgniter\CodeIgniter->runController(Object(App\Controllers\PagesKaryawan))
 8 SYSTEMPATH\CodeIgniter.php(353): CodeIgniter\CodeIgniter->handleRequest(null, Object(Config\Cache), false)
 9 FCPATH\index.php(79): CodeIgniter\CodeIgniter->run()
10 SYSTEMPATH\Commands\Server\rewrite.php(47): require_once('C:\\xampp\\htdocs\\tesproyekif - Copy\\public\\index.php')
CRITICAL - 2023-11-22 21:30:20 --> Undefined array key "action"
in APPPATH\Views\pageskaryawan\menu.php on line 40.
 1 APPPATH\Views\pageskaryawan\menu.php(40): CodeIgniter\Debug\Exceptions->errorHandler(2, 'Undefined array key "action"', 'C:\\xampp\\htdocs\\tesproyekif - Copy\\app\\Views\\pageskaryawan\\menu.php', 40)
 2 SYSTEMPATH\View\View.php(226): include('C:\\xampp\\htdocs\\tesproyekif - Copy\\app\\Views\\pageskaryawan\\menu.php')
 3 SYSTEMPATH\View\View.php(229): CodeIgniter\View\View->CodeIgniter\View\{closure}()
 4 SYSTEMPATH\Common.php(1188): CodeIgniter\View\View->render('pageskaryawan/menu', [], true)
 5 APPPATH\Controllers\PagesKaryawan.php(20): view('pageskaryawan/menu', [...])
 6 SYSTEMPATH\CodeIgniter.php(919): App\Controllers\PagesKaryawan->menu()
 7 SYSTEMPATH\CodeIgniter.php(494): CodeIgniter\CodeIgniter->runController(Object(App\Controllers\PagesKaryawan))
 8 SYSTEMPATH\CodeIgniter.php(353): CodeIgniter\CodeIgniter->handleRequest(null, Object(Config\Cache), false)
 9 FCPATH\index.php(79): CodeIgniter\CodeIgniter->run()
10 SYSTEMPATH\Commands\Server\rewrite.php(47): require_once('C:\\xampp\\htdocs\\tesproyekif - Copy\\public\\index.php')
CRITICAL - 2023-11-22 21:33:01 --> Undefined array key "action"
in APPPATH\Views\pageskaryawan\menu.php on line 40.
 1 APPPATH\Views\pageskaryawan\menu.php(40): CodeIgniter\Debug\Exceptions->errorHandler(2, 'Undefined array key "action"', 'C:\\xampp\\htdocs\\tesproyekif - Copy\\app\\Views\\pageskaryawan\\menu.php', 40)
 2 SYSTEMPATH\View\View.php(226): include('C:\\xampp\\htdocs\\tesproyekif - Copy\\app\\Views\\pageskaryawan\\menu.php')
 3 SYSTEMPATH\View\View.php(229): CodeIgniter\View\View->CodeIgniter\View\{closure}()
 4 SYSTEMPATH\Common.php(1188): CodeIgniter\View\View->render('pageskaryawan/menu', [], true)
 5 APPPATH\Controllers\PagesKaryawan.php(20): view('pageskaryawan/menu', [...])
 6 SYSTEMPATH\CodeIgniter.php(919): App\Controllers\PagesKaryawan->menu()
 7 SYSTEMPATH\CodeIgniter.php(494): CodeIgniter\CodeIgniter->runController(Object(App\Controllers\PagesKaryawan))
 8 SYSTEMPATH\CodeIgniter.php(353): CodeIgniter\CodeIgniter->handleRequest(null, Object(Config\Cache), false)
 9 FCPATH\index.php(79): CodeIgniter\CodeIgniter->run()
10 SYSTEMPATH\Commands\Server\rewrite.php(47): require_once('C:\\xampp\\htdocs\\tesproyekif - Copy\\public\\index.php')
CRITICAL - 2023-11-22 21:33:08 --> Undefined array key "action"
in APPPATH\Views\pageskaryawan\menu.php on line 40.
 1 APPPATH\Views\pageskaryawan\menu.php(40): CodeIgniter\Debug\Exceptions->errorHandler(2, 'Undefined array key "action"', 'C:\\xampp\\htdocs\\tesproyekif - Copy\\app\\Views\\pageskaryawan\\menu.php', 40)
 2 SYSTEMPATH\View\View.php(226): include('C:\\xampp\\htdocs\\tesproyekif - Copy\\app\\Views\\pageskaryawan\\menu.php')
 3 SYSTEMPATH\View\View.php(229): CodeIgniter\View\View->CodeIgniter\View\{closure}()
 4 SYSTEMPATH\Common.php(1188): CodeIgniter\View\View->render('pageskaryawan/menu', [], true)
 5 APPPATH\Controllers\PagesKaryawan.php(20): view('pageskaryawan/menu', [...])
 6 SYSTEMPATH\CodeIgniter.php(919): App\Controllers\PagesKaryawan->menu()
 7 SYSTEMPATH\CodeIgniter.php(494): CodeIgniter\CodeIgniter->runController(Object(App\Controllers\PagesKaryawan))
 8 SYSTEMPATH\CodeIgniter.php(353): CodeIgniter\CodeIgniter->handleRequest(null, Object(Config\Cache), false)
 9 FCPATH\index.php(79): CodeIgniter\CodeIgniter->run()
10 SYSTEMPATH\Commands\Server\rewrite.php(47): require_once('C:\\xampp\\htdocs\\tesproyekif - Copy\\public\\index.php')
CRITICAL - 2023-11-22 21:39:58 --> Undefined array key "action"
in APPPATH\Views\pageskaryawan\menu.php on line 40.
 1 APPPATH\Views\pageskaryawan\menu.php(40): CodeIgniter\Debug\Exceptions->errorHandler(2, 'Undefined array key "action"', 'C:\\xampp\\htdocs\\tesproyekif - Copy\\app\\Views\\pageskaryawan\\menu.php', 40)
 2 SYSTEMPATH\View\View.php(226): include('C:\\xampp\\htdocs\\tesproyekif - Copy\\app\\Views\\pageskaryawan\\menu.php')
 3 SYSTEMPATH\View\View.php(229): CodeIgniter\View\View->CodeIgniter\View\{closure}()
 4 SYSTEMPATH\Common.php(1188): CodeIgniter\View\View->render('pageskaryawan/menu', [], true)
 5 APPPATH\Controllers\PagesKaryawan.php(20): view('pageskaryawan/menu', [...])
 6 SYSTEMPATH\CodeIgniter.php(919): App\Controllers\PagesKaryawan->menu()
 7 SYSTEMPATH\CodeIgniter.php(494): CodeIgniter\CodeIgniter->runController(Object(App\Controllers\PagesKaryawan))
 8 SYSTEMPATH\CodeIgniter.php(353): CodeIgniter\CodeIgniter->handleRequest(null, Object(Config\Cache), false)
 9 FCPATH\index.php(79): CodeIgniter\CodeIgniter->run()
10 SYSTEMPATH\Commands\Server\rewrite.php(47): require_once('C:\\xampp\\htdocs\\tesproyekif - Copy\\public\\index.php')
CRITICAL - 2023-11-22 21:41:11 --> Undefined array key "action"
in APPPATH\Views\pageskaryawan\menu.php on line 40.
 1 APPPATH\Views\pageskaryawan\menu.php(40): CodeIgniter\Debug\Exceptions->errorHandler(2, 'Undefined array key "action"', 'C:\\xampp\\htdocs\\tesproyekif - Copy\\app\\Views\\pageskaryawan\\menu.php', 40)
 2 SYSTEMPATH\View\View.php(226): include('C:\\xampp\\htdocs\\tesproyekif - Copy\\app\\Views\\pageskaryawan\\menu.php')
 3 SYSTEMPATH\View\View.php(229): CodeIgniter\View\View->CodeIgniter\View\{closure}()
 4 SYSTEMPATH\Common.php(1188): CodeIgniter\View\View->render('pageskaryawan/menu', [], true)
 5 APPPATH\Controllers\PagesKaryawan.php(20): view('pageskaryawan/menu', [...])
 6 SYSTEMPATH\CodeIgniter.php(919): App\Controllers\PagesKaryawan->menu()
 7 SYSTEMPATH\CodeIgniter.php(494): CodeIgniter\CodeIgniter->runController(Object(App\Controllers\PagesKaryawan))
 8 SYSTEMPATH\CodeIgniter.php(353): CodeIgniter\CodeIgniter->handleRequest(null, Object(Config\Cache), false)
 9 FCPATH\index.php(79): CodeIgniter\CodeIgniter->run()
10 SYSTEMPATH\Commands\Server\rewrite.php(47): require_once('C:\\xampp\\htdocs\\tesproyekif - Copy\\public\\index.php')
